<?xml version="1.0" encoding="UTF-8"?>
<!-- Generated by org.testng.reporters.JUnitXMLReporter -->
<testsuite ignored="15" hostname="DESKTOP-2G91LA5" failures="0" tests="1" name="Default test" time="39.51" errors="0" timestamp="2023-03-06T20:02:06 IST">
  <testcase classname="SeleniumBasicsCommands.SeleniumCommands" name="TC_017_verifyIsEnabled" time="4.581"/>
  <testcase classname="SeleniumBasicsCommands.SeleniumCommands" name="TC_002_verifySingleFieldMessage" time="0.0">
    <ignored/>
  </testcase> <!-- TC_002_verifySingleFieldMessage -->
  <testcase classname="SeleniumBasicsCommands.SeleniumCommands" name="TC_007_verifyEmptyStateandSitCode" time="0.0">
    <ignored/>
  </testcase> <!-- TC_007_verifyEmptyStateandSitCode -->
  <testcase classname="SeleniumBasicsCommands.SeleniumCommands" name="TC_011_verifyRefresh" time="0.0">
    <ignored/>
  </testcase> <!-- TC_011_verifyRefresh -->
  <testcase classname="SeleniumBasicsCommands.SeleniumCommands" name="TC_012_verifyForwardAndBackwardNavigation" time="0.0">
    <ignored/>
  </testcase> <!-- TC_012_verifyForwardAndBackwardNavigation -->
  <testcase classname="SeleniumBasicsCommands.SeleniumCommands" name="TC_016_verifyIsDisplayed" time="0.0">
    <ignored/>
  </testcase> <!-- TC_016_verifyIsDisplayed -->
  <testcase classname="SeleniumBasicsCommands.SeleniumCommands" name="TC_010_verifyNavigateTo" time="0.0">
    <ignored/>
  </testcase> <!-- TC_010_verifyNavigateTo -->
  <testcase classname="SeleniumBasicsCommands.SeleniumCommands" name="TC_013_verifyWebElementCommands" time="0.0">
    <ignored/>
  </testcase> <!-- TC_013_verifyWebElementCommands -->
  <testcase classname="SeleniumBasicsCommands.SeleniumCommands" name="TC_003_verifyTwoInputFieldMessage" time="0.0">
    <ignored/>
  </testcase> <!-- TC_003_verifyTwoInputFieldMessage -->
  <testcase classname="SeleniumBasicsCommands.SeleniumCommands" name="TC_006_verifyEmptyFieldValidation" time="0.0">
    <ignored/>
  </testcase> <!-- TC_006_verifyEmptyFieldValidation -->
  <testcase classname="SeleniumBasicsCommands.SeleniumCommands" name="TC_008_verifyLetterSubcribtionUsingCssSelector" time="0.0">
    <ignored/>
  </testcase> <!-- TC_008_verifyLetterSubcribtionUsingCssSelector -->
  <testcase classname="SeleniumBasicsCommands.SeleniumCommands" name="TC_007_verifyFormSubmition" time="0.0">
    <ignored/>
  </testcase> <!-- TC_007_verifyFormSubmition -->
  <testcase classname="SeleniumBasicsCommands.SeleniumCommands" name="TC_017_verifyIsSelected" time="0.0">
    <ignored/>
  </testcase> <!-- TC_017_verifyIsSelected -->
  <testcase classname="SeleniumBasicsCommands.SeleniumCommands" name="TC_004_verifyLocators" time="0.0">
    <ignored/>
  </testcase> <!-- TC_004_verifyLocators -->
  <testcase classname="SeleniumBasicsCommands.SeleniumCommands" name="TC_001_verifyObsquaraTitle" time="0.0">
    <ignored/>
  </testcase> <!-- TC_001_verifyObsquaraTitle -->
  <testcase classname="SeleniumBasicsCommands.SeleniumCommands" name="TC_005_verifyDemoShopLoginPage" time="0.0">
    <ignored/>
  </testcase> <!-- TC_005_verifyDemoShopLoginPage -->
</testsuite> <!-- Default test -->
