<?xml version="1.0" encoding="UTF-8"?>
<testng-results ignored="15" total="16" passed="1" failed="0" skipped="0">
  <reporter-output>
  </reporter-output>
  <suite started-at="2023-03-06T20:01:26 IST" name="Default suite" finished-at="2023-03-06T20:02:06 IST" duration-ms="39510">
    <groups>
    </groups>
    <test started-at="2023-03-06T20:01:26 IST" name="Default test" finished-at="2023-03-06T20:02:06 IST" duration-ms="39510">
      <class name="SeleniumBasicsCommands.SeleniumCommands">
        <test-method is-config="true" signature="setUp()[pri:0, instance:SeleniumBasicsCommands.SeleniumCommands@2dc54ad4]" started-at="2023-03-06T20:01:26 IST" name="setUp" finished-at="2023-03-06T20:02:01 IST" duration-ms="34628" status="PASS">
          <reporter-output>
          </reporter-output>
        </test-method> <!-- setUp -->
        <test-method signature="TC_017_verifyIsEnabled()[pri:0, instance:SeleniumBasicsCommands.SeleniumCommands@2dc54ad4]" started-at="2023-03-06T20:02:01 IST" name="TC_017_verifyIsEnabled" finished-at="2023-03-06T20:02:06 IST" duration-ms="4581" status="PASS">
          <reporter-output>
          </reporter-output>
        </test-method> <!-- TC_017_verifyIsEnabled -->
        <test-method is-config="true" signature="tearDown()[pri:0, instance:SeleniumBasicsCommands.SeleniumCommands@2dc54ad4]" started-at="2023-03-06T20:02:06 IST" name="tearDown" finished-at="2023-03-06T20:02:06 IST" duration-ms="2" status="PASS">
          <reporter-output>
          </reporter-output>
        </test-method> <!-- tearDown -->
      </class> <!-- SeleniumBasicsCommands.SeleniumCommands -->
    </test> <!-- Default test -->
  </suite> <!-- Default suite -->
</testng-results>
